<?xml version="1.0" encoding="UTF-8"?>
<testng-results skipped="0" failed="0" total="1" passed="1">
  <reporter-output>
  </reporter-output>
  <suite name="Command line suite" duration-ms="28" started-at="2016-03-13T19:26:16Z" finished-at="2016-03-13T19:26:16Z">
    <groups>
    </groups>
    <test name="Command line test" duration-ms="28" started-at="2016-03-13T19:26:16Z" finished-at="2016-03-13T19:26:16Z">
      <class name="com.Assignment3.AppTest">
        <test-method status="PASS" signature="testApp()[pri:0, instance:testApp(com.Assignment3.AppTest)]" name="testApp" duration-ms="2" started-at="2016-03-13T21:26:16Z" finished-at="2016-03-13T21:26:16Z">
          <reporter-output>
          </reporter-output>
        </test-method> <!-- testApp -->
      </class> <!-- com.Assignment3.AppTest -->
    </test> <!-- Command line test -->
  </suite> <!-- Command line suite -->
</testng-results>
