<?xml version="1.0" encoding="UTF-8"?>
<testng-results skipped="0" failed="0" total="3" passed="3">
  <reporter-output>
  </reporter-output>
  <suite name="Command line suite" duration-ms="479" started-at="2016-03-13T19:26:16Z" finished-at="2016-03-13T19:26:16Z">
    <groups>
    </groups>
    <test name="Command line test" duration-ms="479" started-at="2016-03-13T19:26:16Z" finished-at="2016-03-13T19:26:16Z">
      <class name="com.Assignment3.TestRefactoredShapes">
        <test-method status="PASS" signature="testConfig()[pri:0, instance:com.Assignment3.TestRefactoredShapes@155e508]" name="testConfig" is-config="true" duration-ms="415" started-at="2016-03-13T21:26:16Z" finished-at="2016-03-13T21:26:16Z">
          <reporter-output>
          </reporter-output>
        </test-method> <!-- testConfig -->
        <test-method status="PASS" signature="testColour()[pri:0, instance:com.Assignment3.TestRefactoredShapes@155e508]" name="testColour" duration-ms="2" started-at="2016-03-13T21:26:16Z" finished-at="2016-03-13T21:26:16Z">
          <reporter-output>
          </reporter-output>
        </test-method> <!-- testColour -->
        <test-method status="PASS" signature="testConfig()[pri:0, instance:com.Assignment3.TestRefactoredShapes@155e508]" name="testConfig" is-config="true" duration-ms="26" started-at="2016-03-13T21:26:16Z" finished-at="2016-03-13T21:26:16Z">
          <reporter-output>
          </reporter-output>
        </test-method> <!-- testConfig -->
        <test-method status="PASS" signature="testName()[pri:0, instance:com.Assignment3.TestRefactoredShapes@155e508]" name="testName" duration-ms="0" started-at="2016-03-13T21:26:16Z" finished-at="2016-03-13T21:26:16Z">
          <reporter-output>
          </reporter-output>
        </test-method> <!-- testName -->
        <test-method status="PASS" signature="testConfig()[pri:0, instance:com.Assignment3.TestRefactoredShapes@155e508]" name="testConfig" is-config="true" duration-ms="25" started-at="2016-03-13T21:26:16Z" finished-at="2016-03-13T21:26:16Z">
          <reporter-output>
          </reporter-output>
        </test-method> <!-- testConfig -->
        <test-method status="PASS" signature="testSides()[pri:0, instance:com.Assignment3.TestRefactoredShapes@155e508]" name="testSides" duration-ms="0" started-at="2016-03-13T21:26:16Z" finished-at="2016-03-13T21:26:16Z">
          <reporter-output>
          </reporter-output>
        </test-method> <!-- testSides -->
      </class> <!-- com.Assignment3.TestRefactoredShapes -->
    </test> <!-- Command line test -->
  </suite> <!-- Command line suite -->
</testng-results>
