<?xml version="1.0" encoding="UTF-8"?>
<!-- Generated by org.testng.reporters.JUnitXMLReporter -->
<testsuite hostname="student-virtual-machine" name="Command line test" tests="3" failures="0" timestamp="13 Mar 2016 19:26:16 GMT" time="0.479" errors="0">
  <testcase name="testColour" time="0.002" classname="com.Assignment3.TestRefactoredShapes"/>
  <testcase name="testName" time="0.0" classname="com.Assignment3.TestRefactoredShapes"/>
  <testcase name="testSides" time="0.0" classname="com.Assignment3.TestRefactoredShapes"/>
</testsuite> <!-- Command line test -->
